[GIN-debug] [WARNING] Creating an Engine instance with the Logger and Recovery middleware already attached.

[GIN-debug] [WARNING] Running in "debug" mode. Switch to "release" mode in production.
 - using env:	export GIN_MODE=release
 - using code:	gin.SetMode(gin.ReleaseMode)

[GIN-debug] GET    /api/v1/admin/log_service_toAdmin/:admin_id --> service-user-investor/handler.(*userInvestorHandler).GetLogtoAdmin-fm (4 handlers)
[GIN-debug] GET    /api/v1/admin/service_status/:admin_id --> service-user-investor/handler.(*userInvestorHandler).ServiceHealth-fm (4 handlers)
[GIN-debug] POST   /api/v1/admin/deactive_user/:admin_id --> service-user-investor/handler.(*userInvestorHandler).DeactiveUser-fm (4 handlers)
[GIN-debug] POST   /api/v1/admin/active_user/:admin_id --> service-user-investor/handler.(*userInvestorHandler).ActiveUser-fm (4 handlers)
[GIN-debug] GET    /api/v1/service_start     --> service-user-investor/handler.(*userInvestorHandler).ServiceStart-fm (4 handlers)
[GIN-debug] GET    /api/v1/service_check     --> service-user-investor/handler.(*userInvestorHandler).ServiceCheckDB-fm (5 handlers)
[GIN-debug] POST   /api/v1/register_investor --> service-user-investor/handler.(*userInvestorHandler).RegisterUser-fm (4 handlers)
[GIN-debug] POST   /api/v1/login_investor    --> service-user-investor/handler.(*userInvestorHandler).Login-fm (4 handlers)
[GIN-debug] POST   /api/v1/email_check       --> service-user-investor/handler.(*userInvestorHandler).CheckEmailAvailability-fm (4 handlers)
[GIN-debug] POST   /api/v1/phone_check       --> service-user-investor/handler.(*userInvestorHandler).CheckPhoneAvailability-fm (4 handlers)
[GIN-debug] GET    /api/v1/get_user          --> service-user-investor/handler.(*userInvestorHandler).GetUser-fm (5 handlers)
[GIN-debug] PUT    /api/v1/update_profile/:unix_id --> service-user-investor/handler.(*userInvestorHandler).UpdateUser-fm (5 handlers)
[GIN-debug] POST   /api/v1/logout_investor   --> service-user-investor/handler.(*userInvestorHandler).LogoutUser-fm (5 handlers)
[GIN-debug] [WARNING] You trusted all proxies, this is NOT safe. We recommend you to set a value.
Please check https://pkg.go.dev/github.com/gin-gonic/gin#readme-don-t-trust-all-proxies for details.
[GIN-debug] Listening and serving HTTP on localhost:8082
